<?xml version="1.0" encoding="UTF-8"?>
<!-- Generated by org.testng.reporters.JUnitXMLReporter -->
<testsuite ignored="2" hostname="LAPTOP-Q11377DQ" failures="0" tests="3" name="Basic Flows(failed)" time="110.746" errors="0" timestamp="2023-03-11T18:31:28 IST">
  <testcase classname="Tests.Smoke" name="loginLogout" time="30.179"/>
  <testcase classname="Tests.Smoke" name="deposit" time="35.016"/>
  <testcase classname="Tests.Smoke" name="addFunds" time="32.794"/>
  <testcase classname="Tests.Smoke" name="signUp" time="0.0">
    <ignored/>
  </testcase> <!-- signUp -->
  <testcase classname="Tests.Smoke" name="resetPin" time="0.0">
    <ignored/>
  </testcase> <!-- resetPin -->
</testsuite> <!-- Basic Flows(failed) -->
