<?xml version="1.0" encoding="UTF-8"?>
<!-- Generated by org.testng.reporters.JUnitXMLReporter -->
<testsuite ignored="4" hostname="LAPTOP-Q11377DQ" failures="0" tests="1" name="Default test" time="38.717" errors="0" timestamp="2023-03-11T18:38:53 IST">
  <testcase classname="Tests.Smoke" name="loginLogout" time="25.911"/>
  <testcase classname="Tests.Smoke" name="deposit" time="0.0">
    <ignored/>
  </testcase> <!-- deposit -->
  <testcase classname="Tests.Smoke" name="signUp" time="0.0">
    <ignored/>
  </testcase> <!-- signUp -->
  <testcase classname="Tests.Smoke" name="resetPin" time="0.0">
    <ignored/>
  </testcase> <!-- resetPin -->
  <testcase classname="Tests.Smoke" name="addFunds" time="0.0">
    <ignored/>
  </testcase> <!-- addFunds -->
</testsuite> <!-- Default test -->
