<?xml version="1.0" encoding="UTF-8"?>
<testng-results ignored="4" total="5" passed="1" failed="0" skipped="0">
  <reporter-output>
  </reporter-output>
  <suite started-at="2023-03-11T18:38:15 IST" name="Default suite" finished-at="2023-03-11T18:38:53 IST" duration-ms="38717">
    <groups>
    </groups>
    <test started-at="2023-03-11T18:38:15 IST" name="Default test" finished-at="2023-03-11T18:38:53 IST" duration-ms="38717">
      <class name="Tests.Smoke">
        <test-method signature="loginLogout()[pri:0, instance:Tests.Smoke@6574a52c]" started-at="2023-03-11T18:38:27 IST" name="loginLogout" finished-at="2023-03-11T18:38:53 IST" duration-ms="25911" status="PASS">
          <reporter-output>
          </reporter-output>
        </test-method> <!-- loginLogout -->
      </class> <!-- Tests.Smoke -->
    </test> <!-- Default test -->
  </suite> <!-- Default suite -->
</testng-results>
